<?xml version="1.0" encoding="UTF-8"?>
<testsuite name="com.jungwoo.apiserver.domain.maria.BoardTest" tests="2" skipped="0" failures="0" errors="0" timestamp="2022-11-01T16:06:10" hostname="gimjeong-us-MacBook-Pro.local" time="0.007">
  <properties/>
  <testcase name="test1" classname="com.jungwoo.apiserver.domain.maria.BoardTest" time="0.007"/>
  <testcase name="test2" classname="com.jungwoo.apiserver.domain.maria.BoardTest" time="0.0"/>
  <system-out><![CDATA[A
2
]]></system-out>
  <system-err><![CDATA[]]></system-err>
</testsuite>
